2025-04-01 10:12:14 [ERROR] Usuario:tecnico1 - Mensaje de prueba para comprobar que funciona el archivo
2025-04-01 10:12:14 [WARNING] Usuario:tecnico1 - Mensaje de prueba para comprobar que funciona el archivo
2025-04-01 10:12:14 [BACKUP] Usuario:tecnico1 - Mensaje de prueba para comprobar que funciona el archivo
2025-04-01 10:12:14 [WARNING] Usuario:usuarioX - Mensaje de prueba para comprobar que funciona el archivo
2025-04-01 10:12:14 [ERROR] Usuario:admin1 - Mensaje de prueba para comprobar que funciona el archivo
2025-04-01 10:12:14 [INFO] Usuario:admin1 - Mensaje de prueba para comprobar que funciona el archivo
2025-04-01 10:12:14 [LOGIN] Usuario:tecnico1 - Mensaje de prueba para comprobar que funciona el archivo
2025-04-01 10:12:14 [LOGIN] Usuario:tecnico1 - Mensaje de prueba para comprobar que funciona el archivo
2025-04-01 10:12:14 [INFO] Usuario:usuarioX - Mensaje de prueba para comprobar que funciona el archivo
2025-04-01 10:12:14 [WARNING] Usuario:tecnico1 - Mensaje de prueba para comprobar que funciona el archivo
2025-04-01 10:12:14 [WARNING] Usuario:auditor1 - Mensaje de prueba para comprobar que funciona el archivo
2025-04-01 10:12:14 [WARNING] Usuario:tecnico1 - Mensaje de prueba para comprobar que funciona el archivo
2025-04-01 10:12:14 [INFO] Usuario:admin1 - Mensaje de prueba para comprobar que funciona el archivo
2025-04-01 10:12:14 [WARNING] Usuario:admin1 - Mensaje de prueba para comprobar que funciona el archivo
2025-04-01 10:12:14 [LOGIN] Usuario:auditor1 - Mensaje de prueba para comprobar que funciona el archivo
2025-04-01 10:12:14 [INFO] Usuario:usuarioX - Mensaje de prueba para comprobar que funciona el archivo
2025-04-01 10:12:14 [LOGIN] Usuario:admin1 - Mensaje de prueba para comprobar que funciona el archivo
2025-04-01 10:12:14 [WARNING] Usuario:tecnico1 - Mensaje de prueba para comprobar que funciona el archivo
2025-04-01 10:12:14 [LOGIN] Usuario:admin1 - Mensaje de prueba para comprobar que funciona el archivo
2025-04-01 10:12:14 [LOGIN] Usuario:auditor1 - Mensaje de prueba para comprobar que funciona el archivo
2025-04-01 10:12:14 [LOGIN] Usuario:usuarioX - Mensaje de prueba para comprobar que funciona el archivo
2025-04-01 10:12:14 [ERROR] Usuario:auditor1 - Mensaje de prueba para comprobar que funciona el archivo
2025-04-01 10:12:14 [ERROR] Usuario:admin1 - Mensaje de prueba para comprobar que funciona el archivo
2025-04-01 10:12:14 [LOGIN] Usuario:usuarioX - Mensaje de prueba para comprobar que funciona el archivo
2025-04-01 10:12:14 [LOGIN] Usuario:admin1 - Mensaje de prueba para comprobar que funciona el archivo
2025-04-01 10:12:14 [LOGIN] Usuario:admin1 - Mensaje de prueba para comprobar que funciona el archivo
2025-04-01 10:12:14 [ERROR] Usuario:admin1 - Mensaje de prueba para comprobar que funciona el archivo
2025-04-01 10:12:14 [BACKUP] Usuario:admin1 - Mensaje de prueba para comprobar que funciona el archivo
2025-04-01 10:12:14 [LOGIN] Usuario:usuarioX - Mensaje de prueba para comprobar que funciona el archivo
2025-04-01 10:12:14 [INFO] Usuario:auditor1 - Mensaje de prueba para comprobar que funciona el archivo
